app/build/intermediates/manifest_merge_blame_file/debug/manifest-merger-blame-debug-report.txt
1<?xml version="1.0" encoding="utf-8"?>
2<manifest xmlns:android="http://schemas.android.com/apk/res/android"
3    package="com.example.mywellbeing"
4    android:versionCode="1"
5    android:versionName="1.0" >
6
7    <uses-sdk
8        android:minSdkVersion="24"
8-->src/main/AndroidManifest.xml
9        android:targetSdkVersion="33" />
9-->src/main/AndroidManifest.xml
10
11    <permission
11-->[androidx.core:core:1.9.0] AndroidManifest.xml:22:5-24:47
12        android:name="com.example.mywellbeing.DYNAMIC_RECEIVER_NOT_EXPORTED_PERMISSION"
12-->[androidx.core:core:1.9.0] AndroidManifest.xml:23:9-81
13        android:protectionLevel="signature" />
13-->[androidx.core:core:1.9.0] AndroidManifest.xml:24:9-44
14
15    <uses-permission android:name="com.example.mywellbeing.DYNAMIC_RECEIVER_NOT_EXPORTED_PERMISSION" />
15-->[androidx.core:core:1.9.0] AndroidManifest.xml:26:5-97
15-->[androidx.core:core:1.9.0] AndroidManifest.xml:26:22-94
16
17    <application
17-->src/main/AndroidManifest.xml:5:5-38:19
18        android:allowBackup="true"
18-->src/main/AndroidManifest.xml:6:9-35
19        android:appComponentFactory="androidx.core.app.CoreComponentFactory"
19-->[androidx.core:core:1.9.0] AndroidManifest.xml:28:18-86
20        android:dataExtractionRules="@xml/data_extraction_rules"
20-->src/main/AndroidManifest.xml:7:9-65
21        android:debuggable="true"
22        android:extractNativeLibs="false"
23        android:fullBackupContent="@xml/backup_rules"
23-->src/main/AndroidManifest.xml:8:9-54
24        android:icon="@mipmap/ic_launcher"
24-->src/main/AndroidManifest.xml:9:9-43
25        android:label="@string/app_name"
25-->src/main/AndroidManifest.xml:10:9-41
26        android:supportsRtl="true"
26-->src/main/AndroidManifest.xml:11:9-35
27        android:testOnly="true"
28        android:theme="@style/Theme.MyWellbeing" >
28-->src/main/AndroidManifest.xml:12:9-49
29        <activity
29-->src/main/AndroidManifest.xml:14:9-16:40
30            android:name="com.example.mywellbeing.sad"
30-->src/main/AndroidManifest.xml:15:13-32
31            android:exported="false" />
31-->src/main/AndroidManifest.xml:16:13-37
32        <activity
32-->src/main/AndroidManifest.xml:17:9-19:40
33            android:name="com.example.mywellbeing.unhappy"
33-->src/main/AndroidManifest.xml:18:13-36
34            android:exported="false" />
34-->src/main/AndroidManifest.xml:19:13-37
35        <activity
35-->src/main/AndroidManifest.xml:20:9-22:40
36            android:name="com.example.mywellbeing.rad"
36-->src/main/AndroidManifest.xml:21:13-32
37            android:exported="false" />
37-->src/main/AndroidManifest.xml:22:13-37
38        <activity
38-->src/main/AndroidManifest.xml:23:9-25:40
39            android:name="com.example.mywellbeing.angry"
39-->src/main/AndroidManifest.xml:24:13-34
40            android:exported="false" />
40-->src/main/AndroidManifest.xml:25:13-37
41        <activity
41-->src/main/AndroidManifest.xml:26:9-28:40
42            android:name="com.example.mywellbeing.happy"
42-->src/main/AndroidManifest.xml:27:13-34
43            android:exported="false" />
43-->src/main/AndroidManifest.xml:28:13-37
44        <activity
44-->src/main/AndroidManifest.xml:29:9-37:20
45            android:name="com.example.mywellbeing.MainActivity"
45-->src/main/AndroidManifest.xml:30:13-41
46            android:exported="true" >
46-->src/main/AndroidManifest.xml:31:13-36
47            <intent-filter>
47-->src/main/AndroidManifest.xml:32:13-36:29
48                <action android:name="android.intent.action.MAIN" />
48-->src/main/AndroidManifest.xml:33:17-69
48-->src/main/AndroidManifest.xml:33:25-66
49
50                <category android:name="android.intent.category.LAUNCHER" />
50-->src/main/AndroidManifest.xml:35:17-77
50-->src/main/AndroidManifest.xml:35:27-74
51            </intent-filter>
52        </activity>
53
54        <provider
54-->[androidx.emoji2:emoji2:1.2.0] AndroidManifest.xml:24:9-32:20
55            android:name="androidx.startup.InitializationProvider"
55-->[androidx.emoji2:emoji2:1.2.0] AndroidManifest.xml:25:13-67
56            android:authorities="com.example.mywellbeing.androidx-startup"
56-->[androidx.emoji2:emoji2:1.2.0] AndroidManifest.xml:26:13-68
57            android:exported="false" >
57-->[androidx.emoji2:emoji2:1.2.0] AndroidManifest.xml:27:13-37
58            <meta-data
58-->[androidx.emoji2:emoji2:1.2.0] AndroidManifest.xml:29:13-31:52
59                android:name="androidx.emoji2.text.EmojiCompatInitializer"
59-->[androidx.emoji2:emoji2:1.2.0] AndroidManifest.xml:30:17-75
60                android:value="androidx.startup" />
60-->[androidx.emoji2:emoji2:1.2.0] AndroidManifest.xml:31:17-49
61            <meta-data
61-->[androidx.lifecycle:lifecycle-process:2.4.1] AndroidManifest.xml:31:13-33:52
62                android:name="androidx.lifecycle.ProcessLifecycleInitializer"
62-->[androidx.lifecycle:lifecycle-process:2.4.1] AndroidManifest.xml:32:17-78
63                android:value="androidx.startup" />
63-->[androidx.lifecycle:lifecycle-process:2.4.1] AndroidManifest.xml:33:17-49
64        </provider>
65    </application>
66
67</manifest>